<?xml version="1.0" encoding="UTF-8"?>
<testsuite xmlns:xsi="http://www.w3.org/2001/XMLSchema-instance" xsi:noNamespaceSchemaLocation="https://maven.apache.org/surefire/maven-surefire-plugin/xsd/surefire-test-report-3.0.xsd" version="3.0" name="TestSuite" time="67.452" tests="6" errors="0" skipped="0" failures="1">
  <properties>
    <property name="sun.desktop" value="windows"/>
    <property name="awt.toolkit" value="sun.awt.windows.WToolkit"/>
    <property name="java.specification.version" value="11"/>
    <property name="webdriver.chrome.driver" value="C:\Users\Volodymyr Lytvynenko\Desktop\Work\Selenium\chromedriver\chromedriver.exe"/>
    <property name="sun.cpu.isalist" value="amd64"/>
    <property name="sun.jnu.encoding" value="Cp1252"/>
    <property name="java.class.path" value="C:\Users\Volodymyr Lytvynenko\GitDemo\target\test-classes;C:\Users\Volodymyr Lytvynenko\GitDemo\target\classes;C:\Users\Volodymyr Lytvynenko\.m2\repository\junit\junit\4.12\junit-4.12.jar;C:\Users\Volodymyr Lytvynenko\.m2\repository\org\hamcrest\hamcrest-core\1.3\hamcrest-core-1.3.jar;C:\Users\Volodymyr Lytvynenko\.m2\repository\org\seleniumhq\selenium\selenium-java\3.141.59\selenium-java-3.141.59.jar;C:\Users\Volodymyr Lytvynenko\.m2\repository\org\seleniumhq\selenium\selenium-api\3.141.59\selenium-api-3.141.59.jar;C:\Users\Volodymyr Lytvynenko\.m2\repository\org\seleniumhq\selenium\selenium-chrome-driver\3.141.59\selenium-chrome-driver-3.141.59.jar;C:\Users\Volodymyr Lytvynenko\.m2\repository\org\seleniumhq\selenium\selenium-edge-driver\3.141.59\selenium-edge-driver-3.141.59.jar;C:\Users\Volodymyr Lytvynenko\.m2\repository\org\seleniumhq\selenium\selenium-firefox-driver\3.141.59\selenium-firefox-driver-3.141.59.jar;C:\Users\Volodymyr Lytvynenko\.m2\repository\org\seleniumhq\selenium\selenium-ie-driver\3.141.59\selenium-ie-driver-3.141.59.jar;C:\Users\Volodymyr Lytvynenko\.m2\repository\org\seleniumhq\selenium\selenium-opera-driver\3.141.59\selenium-opera-driver-3.141.59.jar;C:\Users\Volodymyr Lytvynenko\.m2\repository\org\seleniumhq\selenium\selenium-remote-driver\3.141.59\selenium-remote-driver-3.141.59.jar;C:\Users\Volodymyr Lytvynenko\.m2\repository\org\seleniumhq\selenium\selenium-safari-driver\3.141.59\selenium-safari-driver-3.141.59.jar;C:\Users\Volodymyr Lytvynenko\.m2\repository\org\seleniumhq\selenium\selenium-support\3.141.59\selenium-support-3.141.59.jar;C:\Users\Volodymyr Lytvynenko\.m2\repository\net\bytebuddy\byte-buddy\1.8.15\byte-buddy-1.8.15.jar;C:\Users\Volodymyr Lytvynenko\.m2\repository\org\apache\commons\commons-exec\1.3\commons-exec-1.3.jar;C:\Users\Volodymyr Lytvynenko\.m2\repository\com\google\guava\guava\25.0-jre\guava-25.0-jre.jar;C:\Users\Volodymyr Lytvynenko\.m2\repository\com\google\code\findbugs\jsr305\1.3.9\jsr305-1.3.9.jar;C:\Users\Volodymyr Lytvynenko\.m2\repository\org\checkerframework\checker-compat-qual\2.0.0\checker-compat-qual-2.0.0.jar;C:\Users\Volodymyr Lytvynenko\.m2\repository\com\google\errorprone\error_prone_annotations\2.1.3\error_prone_annotations-2.1.3.jar;C:\Users\Volodymyr Lytvynenko\.m2\repository\com\google\j2objc\j2objc-annotations\1.1\j2objc-annotations-1.1.jar;C:\Users\Volodymyr Lytvynenko\.m2\repository\org\codehaus\mojo\animal-sniffer-annotations\1.14\animal-sniffer-annotations-1.14.jar;C:\Users\Volodymyr Lytvynenko\.m2\repository\com\squareup\okhttp3\okhttp\3.11.0\okhttp-3.11.0.jar;C:\Users\Volodymyr Lytvynenko\.m2\repository\com\squareup\okio\okio\1.14.0\okio-1.14.0.jar;C:\Users\Volodymyr Lytvynenko\.m2\repository\org\testng\testng\7.1.0\testng-7.1.0.jar;C:\Users\Volodymyr Lytvynenko\.m2\repository\com\beust\jcommander\1.72\jcommander-1.72.jar;C:\Users\Volodymyr Lytvynenko\.m2\repository\com\google\inject\guice\4.1.0\guice-4.1.0-no_aop.jar;C:\Users\Volodymyr Lytvynenko\.m2\repository\javax\inject\javax.inject\1\javax.inject-1.jar;C:\Users\Volodymyr Lytvynenko\.m2\repository\aopalliance\aopalliance\1.0\aopalliance-1.0.jar;C:\Users\Volodymyr Lytvynenko\.m2\repository\org\yaml\snakeyaml\1.21\snakeyaml-1.21.jar;C:\Users\Volodymyr Lytvynenko\.m2\repository\ru\yandex\qatools\allure\allure-cucumber-jvm-adaptor\1.6.4\allure-cucumber-jvm-adaptor-1.6.4.jar;C:\Users\Volodymyr Lytvynenko\.m2\repository\ru\yandex\qatools\allure\allure-java-aspects\1.5.2\allure-java-aspects-1.5.2.jar;C:\Users\Volodymyr Lytvynenko\.m2\repository\ru\yandex\qatools\allure\allure-java-adaptor-api\1.5.2\allure-java-adaptor-api-1.5.2.jar;C:\Users\Volodymyr Lytvynenko\.m2\repository\ru\yandex\qatools\allure\allure-java-annotations\1.5.2\allure-java-annotations-1.5.2.jar;C:\Users\Volodymyr Lytvynenko\.m2\repository\org\aspectj\aspectjrt\1.8.3\aspectjrt-1.8.3.jar;C:\Users\Volodymyr Lytvynenko\.m2\repository\ru\yandex\qatools\allure\allure-commons\1.5.2\allure-commons-1.5.2.jar;C:\Users\Volodymyr Lytvynenko\.m2\repository\ru\yandex\qatools\allure\allure-model\1.5.2\allure-model-1.5.2.jar;C:\Users\Volodymyr Lytvynenko\.m2\repository\org\jvnet\jaxb2_commons\jaxb2-basics-runtime\0.9.3\jaxb2-basics-runtime-0.9.3.jar;C:\Users\Volodymyr Lytvynenko\.m2\repository\ru\qatools\commons\properties\2.0.RC5\properties-2.0.RC5.jar;C:\Users\Volodymyr Lytvynenko\.m2\repository\info\cukes\cucumber-junit\1.2.5\cucumber-junit-1.2.5.jar;C:\Users\Volodymyr Lytvynenko\.m2\repository\info\cukes\cucumber-core\1.2.5\cucumber-core-1.2.5.jar;C:\Users\Volodymyr Lytvynenko\.m2\repository\info\cukes\cucumber-html\0.2.3\cucumber-html-0.2.3.jar;C:\Users\Volodymyr Lytvynenko\.m2\repository\info\cukes\cucumber-jvm-deps\1.0.5\cucumber-jvm-deps-1.0.5.jar;C:\Users\Volodymyr Lytvynenko\.m2\repository\info\cukes\cucumber-java\1.2.5\cucumber-java-1.2.5.jar;C:\Users\Volodymyr Lytvynenko\.m2\repository\org\apache\commons\commons-lang3\3.3.2\commons-lang3-3.3.2.jar;C:\Users\Volodymyr Lytvynenko\.m2\repository\info\cukes\gherkin\2.12.2\gherkin-2.12.2.jar;C:\Users\Volodymyr Lytvynenko\.m2\repository\commons-logging\commons-logging-api\1.1\commons-logging-api-1.1.jar;C:\Users\Volodymyr Lytvynenko\.m2\repository\io\cucumber\cucumber-core\4.8.0\cucumber-core-4.8.0.jar;C:\Users\Volodymyr Lytvynenko\.m2\repository\io\cucumber\gherkin\5.1.0\gherkin-5.1.0.jar;C:\Users\Volodymyr Lytvynenko\.m2\repository\io\cucumber\tag-expressions\1.1.1\tag-expressions-1.1.1.jar;C:\Users\Volodymyr Lytvynenko\.m2\repository\io\cucumber\cucumber-expressions\7.0.2\cucumber-expressions-7.0.2.jar;C:\Users\Volodymyr Lytvynenko\.m2\repository\io\cucumber\datatable\1.1.14\datatable-1.1.14.jar;C:\Users\Volodymyr Lytvynenko\.m2\repository\io\cucumber\datatable-dependencies\1.1.14\datatable-dependencies-1.1.14.jar;C:\Users\Volodymyr Lytvynenko\.m2\repository\org\apiguardian\apiguardian-api\1.1.0\apiguardian-api-1.1.0.jar;C:\Users\Volodymyr Lytvynenko\.m2\repository\io\cucumber\cucumber-java\4.8.0\cucumber-java-4.8.0.jar;C:\Users\Volodymyr Lytvynenko\.m2\repository\io\cucumber\cucumber-junit\4.8.0\cucumber-junit-4.8.0.jar;C:\Users\Volodymyr Lytvynenko\.m2\repository\io\cucumber\cucumber-testng\4.8.0\cucumber-testng-4.8.0.jar;C:\Users\Volodymyr Lytvynenko\.m2\repository\org\apache\logging\log4j\log4j-core\2.13.1\log4j-core-2.13.1.jar;C:\Users\Volodymyr Lytvynenko\.m2\repository\org\apache\logging\log4j\log4j-api\2.13.1\log4j-api-2.13.1.jar;C:\Users\Volodymyr Lytvynenko\.m2\repository\commons-io\commons-io\2.6\commons-io-2.6.jar;C:\Users\Volodymyr Lytvynenko\.m2\repository\com\aventstack\extentreports\4.1.4\extentreports-4.1.4.jar;C:\Users\Volodymyr Lytvynenko\.m2\repository\org\freemarker\freemarker\2.3.29\freemarker-2.3.29.jar;C:\Users\Volodymyr Lytvynenko\.m2\repository\org\apache\httpcomponents\httpclient\4.5.2\httpclient-4.5.2.jar;C:\Users\Volodymyr Lytvynenko\.m2\repository\org\apache\httpcomponents\httpcore\4.4.4\httpcore-4.4.4.jar;C:\Users\Volodymyr Lytvynenko\.m2\repository\commons-logging\commons-logging\1.2\commons-logging-1.2.jar;C:\Users\Volodymyr Lytvynenko\.m2\repository\commons-codec\commons-codec\1.9\commons-codec-1.9.jar;C:\Users\Volodymyr Lytvynenko\.m2\repository\org\apache\httpcomponents\httpmime\4.5.2\httpmime-4.5.2.jar;C:\Users\Volodymyr Lytvynenko\.m2\repository\com\google\code\gson\gson\2.8.6\gson-2.8.6.jar;C:\Users\Volodymyr Lytvynenko\.m2\repository\org\mongodb\mongodb-driver\3.12.0\mongodb-driver-3.12.0.jar;C:\Users\Volodymyr Lytvynenko\.m2\repository\org\mongodb\mongodb-driver-core\3.12.0\mongodb-driver-core-3.12.0.jar;C:\Users\Volodymyr Lytvynenko\.m2\repository\org\mongodb\bson\3.12.0\bson-3.12.0.jar;C:\Users\Volodymyr Lytvynenko\.m2\repository\io\qameta\allure\allure-testng\2.13.3\allure-testng-2.13.3.jar;C:\Users\Volodymyr Lytvynenko\.m2\repository\io\qameta\allure\allure-java-commons\2.13.3\allure-java-commons-2.13.3.jar;C:\Users\Volodymyr Lytvynenko\.m2\repository\io\qameta\allure\allure-model\2.13.3\allure-model-2.13.3.jar;C:\Users\Volodymyr Lytvynenko\.m2\repository\org\slf4j\slf4j-api\1.7.30\slf4j-api-1.7.30.jar;C:\Users\Volodymyr Lytvynenko\.m2\repository\com\fasterxml\jackson\core\jackson-databind\2.9.8\jackson-databind-2.9.8.jar;C:\Users\Volodymyr Lytvynenko\.m2\repository\com\fasterxml\jackson\core\jackson-annotations\2.9.0\jackson-annotations-2.9.0.jar;C:\Users\Volodymyr Lytvynenko\.m2\repository\com\fasterxml\jackson\core\jackson-core\2.9.8\jackson-core-2.9.8.jar;C:\Users\Volodymyr Lytvynenko\.m2\repository\org\apache\tika\tika-core\1.20\tika-core-1.20.jar;C:\Users\Volodymyr Lytvynenko\.m2\repository\org\jooq\joor-java-8\0.9.10\joor-java-8-0.9.10.jar;C:\Users\Volodymyr Lytvynenko\.m2\repository\org\aspectj\aspectjweaver\1.8.10\aspectjweaver-1.8.10.jar;"/>
    <property name="java.vm.vendor" value="Oracle Corporation"/>
    <property name="sun.arch.data.model" value="64"/>
    <property name="user.variant" value=""/>
    <property name="java.vendor.url" value="http://java.oracle.com/"/>
    <property name="user.timezone" value="Europe/Helsinki"/>
    <property name="java.vm.specification.version" value="11"/>
    <property name="os.name" value="Windows 10"/>
    <property name="sun.java.launcher" value="SUN_STANDARD"/>
    <property name="user.country" value="US"/>
    <property name="sun.boot.library.path" value="C:\Program Files\Java\jdk-11.0.5\bin"/>
    <property name="sun.java.command" value="C:\Users\Volodymyr Lytvynenko\AppData\Local\Temp\surefire14657255520074371741\surefirebooter15483271412763219628.jar C:\Users\Volodymyr Lytvynenko\AppData\Local\Temp\surefire14657255520074371741 2020-06-11T11-22-37_951-jvmRun1 surefire1087958791670961624tmp surefire_018148320893748039940tmp"/>
    <property name="jdk.debug" value="release"/>
    <property name="surefire.test.class.path" value="C:\Users\Volodymyr Lytvynenko\GitDemo\target\test-classes;C:\Users\Volodymyr Lytvynenko\GitDemo\target\classes;C:\Users\Volodymyr Lytvynenko\.m2\repository\junit\junit\4.12\junit-4.12.jar;C:\Users\Volodymyr Lytvynenko\.m2\repository\org\hamcrest\hamcrest-core\1.3\hamcrest-core-1.3.jar;C:\Users\Volodymyr Lytvynenko\.m2\repository\org\seleniumhq\selenium\selenium-java\3.141.59\selenium-java-3.141.59.jar;C:\Users\Volodymyr Lytvynenko\.m2\repository\org\seleniumhq\selenium\selenium-api\3.141.59\selenium-api-3.141.59.jar;C:\Users\Volodymyr Lytvynenko\.m2\repository\org\seleniumhq\selenium\selenium-chrome-driver\3.141.59\selenium-chrome-driver-3.141.59.jar;C:\Users\Volodymyr Lytvynenko\.m2\repository\org\seleniumhq\selenium\selenium-edge-driver\3.141.59\selenium-edge-driver-3.141.59.jar;C:\Users\Volodymyr Lytvynenko\.m2\repository\org\seleniumhq\selenium\selenium-firefox-driver\3.141.59\selenium-firefox-driver-3.141.59.jar;C:\Users\Volodymyr Lytvynenko\.m2\repository\org\seleniumhq\selenium\selenium-ie-driver\3.141.59\selenium-ie-driver-3.141.59.jar;C:\Users\Volodymyr Lytvynenko\.m2\repository\org\seleniumhq\selenium\selenium-opera-driver\3.141.59\selenium-opera-driver-3.141.59.jar;C:\Users\Volodymyr Lytvynenko\.m2\repository\org\seleniumhq\selenium\selenium-remote-driver\3.141.59\selenium-remote-driver-3.141.59.jar;C:\Users\Volodymyr Lytvynenko\.m2\repository\org\seleniumhq\selenium\selenium-safari-driver\3.141.59\selenium-safari-driver-3.141.59.jar;C:\Users\Volodymyr Lytvynenko\.m2\repository\org\seleniumhq\selenium\selenium-support\3.141.59\selenium-support-3.141.59.jar;C:\Users\Volodymyr Lytvynenko\.m2\repository\net\bytebuddy\byte-buddy\1.8.15\byte-buddy-1.8.15.jar;C:\Users\Volodymyr Lytvynenko\.m2\repository\org\apache\commons\commons-exec\1.3\commons-exec-1.3.jar;C:\Users\Volodymyr Lytvynenko\.m2\repository\com\google\guava\guava\25.0-jre\guava-25.0-jre.jar;C:\Users\Volodymyr Lytvynenko\.m2\repository\com\google\code\findbugs\jsr305\1.3.9\jsr305-1.3.9.jar;C:\Users\Volodymyr Lytvynenko\.m2\repository\org\checkerframework\checker-compat-qual\2.0.0\checker-compat-qual-2.0.0.jar;C:\Users\Volodymyr Lytvynenko\.m2\repository\com\google\errorprone\error_prone_annotations\2.1.3\error_prone_annotations-2.1.3.jar;C:\Users\Volodymyr Lytvynenko\.m2\repository\com\google\j2objc\j2objc-annotations\1.1\j2objc-annotations-1.1.jar;C:\Users\Volodymyr Lytvynenko\.m2\repository\org\codehaus\mojo\animal-sniffer-annotations\1.14\animal-sniffer-annotations-1.14.jar;C:\Users\Volodymyr Lytvynenko\.m2\repository\com\squareup\okhttp3\okhttp\3.11.0\okhttp-3.11.0.jar;C:\Users\Volodymyr Lytvynenko\.m2\repository\com\squareup\okio\okio\1.14.0\okio-1.14.0.jar;C:\Users\Volodymyr Lytvynenko\.m2\repository\org\testng\testng\7.1.0\testng-7.1.0.jar;C:\Users\Volodymyr Lytvynenko\.m2\repository\com\beust\jcommander\1.72\jcommander-1.72.jar;C:\Users\Volodymyr Lytvynenko\.m2\repository\com\google\inject\guice\4.1.0\guice-4.1.0-no_aop.jar;C:\Users\Volodymyr Lytvynenko\.m2\repository\javax\inject\javax.inject\1\javax.inject-1.jar;C:\Users\Volodymyr Lytvynenko\.m2\repository\aopalliance\aopalliance\1.0\aopalliance-1.0.jar;C:\Users\Volodymyr Lytvynenko\.m2\repository\org\yaml\snakeyaml\1.21\snakeyaml-1.21.jar;C:\Users\Volodymyr Lytvynenko\.m2\repository\ru\yandex\qatools\allure\allure-cucumber-jvm-adaptor\1.6.4\allure-cucumber-jvm-adaptor-1.6.4.jar;C:\Users\Volodymyr Lytvynenko\.m2\repository\ru\yandex\qatools\allure\allure-java-aspects\1.5.2\allure-java-aspects-1.5.2.jar;C:\Users\Volodymyr Lytvynenko\.m2\repository\ru\yandex\qatools\allure\allure-java-adaptor-api\1.5.2\allure-java-adaptor-api-1.5.2.jar;C:\Users\Volodymyr Lytvynenko\.m2\repository\ru\yandex\qatools\allure\allure-java-annotations\1.5.2\allure-java-annotations-1.5.2.jar;C:\Users\Volodymyr Lytvynenko\.m2\repository\org\aspectj\aspectjrt\1.8.3\aspectjrt-1.8.3.jar;C:\Users\Volodymyr Lytvynenko\.m2\repository\ru\yandex\qatools\allure\allure-commons\1.5.2\allure-commons-1.5.2.jar;C:\Users\Volodymyr Lytvynenko\.m2\repository\ru\yandex\qatools\allure\allure-model\1.5.2\allure-model-1.5.2.jar;C:\Users\Volodymyr Lytvynenko\.m2\repository\org\jvnet\jaxb2_commons\jaxb2-basics-runtime\0.9.3\jaxb2-basics-runtime-0.9.3.jar;C:\Users\Volodymyr Lytvynenko\.m2\repository\ru\qatools\commons\properties\2.0.RC5\properties-2.0.RC5.jar;C:\Users\Volodymyr Lytvynenko\.m2\repository\info\cukes\cucumber-junit\1.2.5\cucumber-junit-1.2.5.jar;C:\Users\Volodymyr Lytvynenko\.m2\repository\info\cukes\cucumber-core\1.2.5\cucumber-core-1.2.5.jar;C:\Users\Volodymyr Lytvynenko\.m2\repository\info\cukes\cucumber-html\0.2.3\cucumber-html-0.2.3.jar;C:\Users\Volodymyr Lytvynenko\.m2\repository\info\cukes\cucumber-jvm-deps\1.0.5\cucumber-jvm-deps-1.0.5.jar;C:\Users\Volodymyr Lytvynenko\.m2\repository\info\cukes\cucumber-java\1.2.5\cucumber-java-1.2.5.jar;C:\Users\Volodymyr Lytvynenko\.m2\repository\org\apache\commons\commons-lang3\3.3.2\commons-lang3-3.3.2.jar;C:\Users\Volodymyr Lytvynenko\.m2\repository\info\cukes\gherkin\2.12.2\gherkin-2.12.2.jar;C:\Users\Volodymyr Lytvynenko\.m2\repository\commons-logging\commons-logging-api\1.1\commons-logging-api-1.1.jar;C:\Users\Volodymyr Lytvynenko\.m2\repository\io\cucumber\cucumber-core\4.8.0\cucumber-core-4.8.0.jar;C:\Users\Volodymyr Lytvynenko\.m2\repository\io\cucumber\gherkin\5.1.0\gherkin-5.1.0.jar;C:\Users\Volodymyr Lytvynenko\.m2\repository\io\cucumber\tag-expressions\1.1.1\tag-expressions-1.1.1.jar;C:\Users\Volodymyr Lytvynenko\.m2\repository\io\cucumber\cucumber-expressions\7.0.2\cucumber-expressions-7.0.2.jar;C:\Users\Volodymyr Lytvynenko\.m2\repository\io\cucumber\datatable\1.1.14\datatable-1.1.14.jar;C:\Users\Volodymyr Lytvynenko\.m2\repository\io\cucumber\datatable-dependencies\1.1.14\datatable-dependencies-1.1.14.jar;C:\Users\Volodymyr Lytvynenko\.m2\repository\org\apiguardian\apiguardian-api\1.1.0\apiguardian-api-1.1.0.jar;C:\Users\Volodymyr Lytvynenko\.m2\repository\io\cucumber\cucumber-java\4.8.0\cucumber-java-4.8.0.jar;C:\Users\Volodymyr Lytvynenko\.m2\repository\io\cucumber\cucumber-junit\4.8.0\cucumber-junit-4.8.0.jar;C:\Users\Volodymyr Lytvynenko\.m2\repository\io\cucumber\cucumber-testng\4.8.0\cucumber-testng-4.8.0.jar;C:\Users\Volodymyr Lytvynenko\.m2\repository\org\apache\logging\log4j\log4j-core\2.13.1\log4j-core-2.13.1.jar;C:\Users\Volodymyr Lytvynenko\.m2\repository\org\apache\logging\log4j\log4j-api\2.13.1\log4j-api-2.13.1.jar;C:\Users\Volodymyr Lytvynenko\.m2\repository\commons-io\commons-io\2.6\commons-io-2.6.jar;C:\Users\Volodymyr Lytvynenko\.m2\repository\com\aventstack\extentreports\4.1.4\extentreports-4.1.4.jar;C:\Users\Volodymyr Lytvynenko\.m2\repository\org\freemarker\freemarker\2.3.29\freemarker-2.3.29.jar;C:\Users\Volodymyr Lytvynenko\.m2\repository\org\apache\httpcomponents\httpclient\4.5.2\httpclient-4.5.2.jar;C:\Users\Volodymyr Lytvynenko\.m2\repository\org\apache\httpcomponents\httpcore\4.4.4\httpcore-4.4.4.jar;C:\Users\Volodymyr Lytvynenko\.m2\repository\commons-logging\commons-logging\1.2\commons-logging-1.2.jar;C:\Users\Volodymyr Lytvynenko\.m2\repository\commons-codec\commons-codec\1.9\commons-codec-1.9.jar;C:\Users\Volodymyr Lytvynenko\.m2\repository\org\apache\httpcomponents\httpmime\4.5.2\httpmime-4.5.2.jar;C:\Users\Volodymyr Lytvynenko\.m2\repository\com\google\code\gson\gson\2.8.6\gson-2.8.6.jar;C:\Users\Volodymyr Lytvynenko\.m2\repository\org\mongodb\mongodb-driver\3.12.0\mongodb-driver-3.12.0.jar;C:\Users\Volodymyr Lytvynenko\.m2\repository\org\mongodb\mongodb-driver-core\3.12.0\mongodb-driver-core-3.12.0.jar;C:\Users\Volodymyr Lytvynenko\.m2\repository\org\mongodb\bson\3.12.0\bson-3.12.0.jar;C:\Users\Volodymyr Lytvynenko\.m2\repository\io\qameta\allure\allure-testng\2.13.3\allure-testng-2.13.3.jar;C:\Users\Volodymyr Lytvynenko\.m2\repository\io\qameta\allure\allure-java-commons\2.13.3\allure-java-commons-2.13.3.jar;C:\Users\Volodymyr Lytvynenko\.m2\repository\io\qameta\allure\allure-model\2.13.3\allure-model-2.13.3.jar;C:\Users\Volodymyr Lytvynenko\.m2\repository\org\slf4j\slf4j-api\1.7.30\slf4j-api-1.7.30.jar;C:\Users\Volodymyr Lytvynenko\.m2\repository\com\fasterxml\jackson\core\jackson-databind\2.9.8\jackson-databind-2.9.8.jar;C:\Users\Volodymyr Lytvynenko\.m2\repository\com\fasterxml\jackson\core\jackson-annotations\2.9.0\jackson-annotations-2.9.0.jar;C:\Users\Volodymyr Lytvynenko\.m2\repository\com\fasterxml\jackson\core\jackson-core\2.9.8\jackson-core-2.9.8.jar;C:\Users\Volodymyr Lytvynenko\.m2\repository\org\apache\tika\tika-core\1.20\tika-core-1.20.jar;C:\Users\Volodymyr Lytvynenko\.m2\repository\org\jooq\joor-java-8\0.9.10\joor-java-8-0.9.10.jar;C:\Users\Volodymyr Lytvynenko\.m2\repository\org\aspectj\aspectjweaver\1.8.10\aspectjweaver-1.8.10.jar;"/>
    <property name="sun.cpu.endian" value="little"/>
    <property name="user.home" value="C:\Users\Volodymyr Lytvynenko"/>
    <property name="user.language" value="en"/>
    <property name="java.specification.vendor" value="Oracle Corporation"/>
    <property name="java.version.date" value="2019-10-15"/>
    <property name="java.home" value="C:\Program Files\Java\jdk-11.0.5"/>
    <property name="file.separator" value="\"/>
    <property name="basedir" value="C:\Users\Volodymyr Lytvynenko\GitDemo"/>
    <property name="java.vm.compressedOopsMode" value="Zero based"/>
    <property name="line.separator" value="&#10;"/>
    <property name="java.specification.name" value="Java Platform API Specification"/>
    <property name="java.vm.specification.vendor" value="Oracle Corporation"/>
    <property name="java.awt.graphicsenv" value="sun.awt.Win32GraphicsEnvironment"/>
    <property name="surefire.real.class.path" value="C:\Users\Volodymyr Lytvynenko\AppData\Local\Temp\surefire14657255520074371741\surefirebooter15483271412763219628.jar"/>
    <property name="user.script" value=""/>
    <property name="sun.management.compiler" value="HotSpot 64-Bit Tiered Compilers"/>
    <property name="java.runtime.version" value="11.0.5+10-LTS"/>
    <property name="user.name" value="Volodymyr Lytvynenko"/>
    <property name="path.separator" value=";"/>
    <property name="os.version" value="10.0"/>
    <property name="java.runtime.name" value="Java(TM) SE Runtime Environment"/>
    <property name="file.encoding" value="Cp1252"/>
    <property name="java.vm.name" value="Java HotSpot(TM) 64-Bit Server VM"/>
    <property name="java.vendor.version" value="18.9"/>
    <property name="localRepository" value="C:\Users\Volodymyr Lytvynenko\.m2\repository"/>
    <property name="java.vendor.url.bug" value="http://bugreport.java.com/bugreport/"/>
    <property name="java.io.tmpdir" value="C:\Users\VOLODY~1\AppData\Local\Temp\"/>
    <property name="java.version" value="11.0.5"/>
    <property name="user.dir" value="C:\Users\Volodymyr Lytvynenko\GitDemo"/>
    <property name="os.arch" value="amd64"/>
    <property name="java.vm.specification.name" value="Java Virtual Machine Specification"/>
    <property name="java.awt.printerjob" value="sun.awt.windows.WPrinterJob"/>
    <property name="sun.os.patch.level" value=""/>
    <property name="java.library.path" value="C:\Program Files\Java\jdk-11.0.5\bin;C:\WINDOWS\Sun\Java\bin;C:\WINDOWS\system32;C:\WINDOWS;C:\Program Files (x86)\Intel\iCLS Client\;C:\Program Files\Intel\iCLS Client\;C:\Windows\system32;C:\Windows;C:\Windows\System32\Wbem;C:\Windows\System32\WindowsPowerShell\v1.0\;C:\Program Files (x86)\Intel\Intel(R) Management Engine Components\DAL;C:\Program Files\Intel\Intel(R) Management Engine Components\DAL;C:\Program Files (x86)\Intel\Intel(R) Management Engine Components\IPT;C:\Program Files\Intel\Intel(R) Management Engine Components\IPT;C:\Program Files (x86)\NVIDIA Corporation\PhysX\Common;C:\Program Files\Intel\WiFi\bin\;C:\Program Files\Common Files\Intel\WirelessCommon\;C:\WINDOWS\system32;C:\WINDOWS;C:\WINDOWS\System32\Wbem;C:\WINDOWS\System32\WindowsPowerShell\v1.0\;C:\WINDOWS\System32\OpenSSH\;C:\Program Files\PuTTY\;C:\Program Files\Java\jdk-11.0.5\bin;C:\Users\Volodymyr Lytvynenko\Desktop\Work\apache-maven-3.6.3-bin\apache-maven-3.6.3\bin;C:\Program Files\Git\cmd;C:\Users\Volodymyr Lytvynenko\AppData\Local\Microsoft\WindowsApps;;."/>
    <property name="java.vendor" value="Oracle Corporation"/>
    <property name="java.vm.info" value="mixed mode"/>
    <property name="java.vm.version" value="11.0.5+10-LTS"/>
    <property name="sun.io.unicode.encoding" value="UnicodeLittle"/>
    <property name="java.class.version" value="55.0"/>
  </properties>
  <testcase name="ValidLogin" classname="Endtoend.LoginPage" time="10.832"/>
  <testcase name="ValidLogin" classname="Endtoend.LoginPage" time="10.714"/>
  <testcase name="ValidLogin" classname="Endtoend.LoginPage" time="11.06"/>
  <testcase name="footer" classname="Endtoend.Homepage" time="6.718">
    <failure type="junit.framework.AssertionFailedError"><![CDATA[junit.framework.AssertionFailedError
	at Endtoend.Homepage.footer(Homepage.java:35)
]]></failure>
    <system-err><![CDATA[Starting ChromeDriver 83.0.4103.39 (ccbf011cb2d2b19b506d844400483861342c20cd-refs/branch-heads/4103@{#416}) on port 21197
Only local connections are allowed.
Please see https://chromedriver.chromium.org/security-considerations for suggestions on keeping ChromeDriver safe.
ChromeDriver was started successfully.
Jun 11, 2020 11:23:14 AM org.openqa.selenium.remote.ProtocolHandshake createSession
INFO: Detected dialect: W3C
]]></system-err>
  </testcase>
  <testcase name="homePage" classname="Endtoend.Homepage" time="9.871"/>
  <testcase name="CheckTheMessageIfCouponIsNotValid" classname="Endtoend.ShoppingCartPage" time="15.973"/>
</testsuite>