<?xml version="1.0" encoding="UTF-8"?>
<!-- Generated by org.testng.reporters.JUnitReportReporter -->
<testsuite hostname="LAPTOP-SH89M26V" failures="0" tests="1" name="Endtoend.ShoppingCartPage" time="15.957" errors="0" timestamp="2020-06-04T11:53:30 EEST" skipped="0">
  <testcase classname="Endtoend.ShoppingCartPage" name="CheckTheMessageIfCouponIsNotValid" time="15.957"/>
  <system-out/>
</testsuite> <!-- Endtoend.ShoppingCartPage -->
