<?xml version="1.0" encoding="UTF-8"?>
<!-- Generated by org.testng.reporters.JUnitReportReporter -->
<testsuite hostname="LAPTOP-SH89M26V" failures="0" tests="3" name="Endtoend.LoginPage" time="36.991" errors="0" timestamp="2020-06-04T11:53:30 EEST" skipped="0">
  <testcase classname="Endtoend.LoginPage" name="ValidLogin" time="11.721"/>
  <system-out/>
  <testcase classname="Endtoend.LoginPage" name="ValidLogin" time="13.185"/>
  <system-out/>
  <testcase classname="Endtoend.LoginPage" name="ValidLogin" time="12.085"/>
  <system-out/>
</testsuite> <!-- Endtoend.LoginPage -->
