<?xml version="1.0" encoding="UTF-8"?>
<!-- Generated by org.testng.reporters.JUnitReportReporter -->
<testsuite hostname="LAPTOP-SH89M26V" failures="0" tests="1" name="Endtoend.ShoppingCartPage" time="16.036" errors="0" timestamp="2020-06-11T11:23:46 EEST" skipped="0">
  <testcase classname="Endtoend.ShoppingCartPage" name="CheckTheMessageIfCouponIsNotValid" time="16.036"/>
  <system-out/>
</testsuite> <!-- Endtoend.ShoppingCartPage -->
