<?xml version="1.0" encoding="UTF-8"?>
<!-- Generated by org.testng.reporters.JUnitReportReporter -->
<testsuite hostname="LAPTOP-SH89M26V" failures="0" tests="3" name="Endtoend.LoginPage" time="35.030" errors="0" timestamp="2020-06-02T16:57:12 EEST" skipped="0">
  <testcase classname="Endtoend.LoginPage" name="ValidLogin" time="10.930"/>
  <system-out/>
  <testcase classname="Endtoend.LoginPage" name="ValidLogin" time="11.865"/>
  <system-out/>
  <testcase classname="Endtoend.LoginPage" name="ValidLogin" time="12.235"/>
  <system-out/>
</testsuite> <!-- Endtoend.LoginPage -->
