<?xml version="1.0" encoding="UTF-8"?>
<!-- Generated by org.testng.reporters.JUnitReportReporter -->
<testsuite hostname="LAPTOP-SH89M26V" failures="0" tests="3" name="Endtoend.LoginPage" time="32.796" errors="0" timestamp="2020-06-11T11:23:46 EEST" skipped="0">
  <testcase classname="Endtoend.LoginPage" name="ValidLogin" time="10.782"/>
  <system-out/>
  <testcase classname="Endtoend.LoginPage" name="ValidLogin" time="10.886"/>
  <system-out/>
  <testcase classname="Endtoend.LoginPage" name="ValidLogin" time="11.128"/>
  <system-out/>
</testsuite> <!-- Endtoend.LoginPage -->
